<?xml version="1.0" encoding="UTF-8"?>
<testsuite xmlns:xsi="http://www.w3.org/2001/XMLSchema-instance" xsi:noNamespaceSchemaLocation="https://maven.apache.org/surefire/maven-failsafe-plugin/xsd/failsafe-test-report-3.0.xsd" version="3.0" name="integration.AddressResolverIT" time="0.071" tests="2" errors="1" skipped="0" failures="1">
  <properties>
    <property name="java.specification.version" value="15"/>
    <property name="sun.jnu.encoding" value="UTF-8"/>
    <property name="java.class.path" value="/Users/isadoraloredo/Apps/TQSlabs/lab2/P2HttpClient/target/test-classes:/Users/isadoraloredo/.m2/repository/com/googlecode/json-simple/json-simple/1.1.1/json-simple-1.1.1.jar:/Users/isadoraloredo/.m2/repository/org/apache/httpcomponents/httpclient/4.5.13/httpclient-4.5.13.jar:/Users/isadoraloredo/.m2/repository/org/apache/httpcomponents/httpcore/4.4.13/httpcore-4.4.13.jar:/Users/isadoraloredo/.m2/repository/commons-logging/commons-logging/1.2/commons-logging-1.2.jar:/Users/isadoraloredo/.m2/repository/commons-codec/commons-codec/1.11/commons-codec-1.11.jar:/Users/isadoraloredo/.m2/repository/org/json/json/20201115/json-20201115.jar:/Users/isadoraloredo/.m2/repository/org/hamcrest/hamcrest/2.2/hamcrest-2.2.jar:/Users/isadoraloredo/.m2/repository/org/mockito/mockito-junit-jupiter/3.8.0/mockito-junit-jupiter-3.8.0.jar:/Users/isadoraloredo/.m2/repository/org/junit/jupiter/junit-jupiter-api/5.7.1/junit-jupiter-api-5.7.1.jar:/Users/isadoraloredo/.m2/repository/org/apiguardian/apiguardian-api/1.1.0/apiguardian-api-1.1.0.jar:/Users/isadoraloredo/.m2/repository/org/opentest4j/opentest4j/1.2.0/opentest4j-1.2.0.jar:/Users/isadoraloredo/.m2/repository/org/junit/platform/junit-platform-commons/1.7.1/junit-platform-commons-1.7.1.jar:/Users/isadoraloredo/.m2/repository/junit/junit/4.12/junit-4.12.jar:/Users/isadoraloredo/.m2/repository/org/hamcrest/hamcrest-core/1.3/hamcrest-core-1.3.jar:/Users/isadoraloredo/.m2/repository/org/mockito/mockito-core/3.6.28/mockito-core-3.6.28.jar:/Users/isadoraloredo/.m2/repository/net/bytebuddy/byte-buddy/1.10.18/byte-buddy-1.10.18.jar:/Users/isadoraloredo/.m2/repository/net/bytebuddy/byte-buddy-agent/1.10.18/byte-buddy-agent-1.10.18.jar:/Users/isadoraloredo/.m2/repository/org/objenesis/objenesis/3.1/objenesis-3.1.jar:"/>
    <property name="java.vm.vendor" value="Oracle Corporation"/>
    <property name="sun.arch.data.model" value="64"/>
    <property name="java.vendor.url" value="https://java.oracle.com/"/>
    <property name="os.name" value="Mac OS X"/>
    <property name="java.vm.specification.version" value="15"/>
    <property name="sun.java.launcher" value="SUN_STANDARD"/>
    <property name="user.country" value="GB"/>
    <property name="sun.boot.library.path" value="/Library/Java/JavaVirtualMachines/jdk-15.jdk/Contents/Home/lib"/>
    <property name="sun.java.command" value="org.apache.maven.surefire.booter.ForkedBooter /Users/isadoraloredo/Apps/TQSlabs/lab2/P2HttpClient/target/surefire 2021-03-30T17-36-21_141-jvmRun1 surefire15887461731652153818tmp surefire_012689991039939675952tmp"/>
    <property name="http.nonProxyHosts" value="local|*.local|169.254/16|*.169.254/16"/>
    <property name="jdk.debug" value="release"/>
    <property name="surefire.test.class.path" value="/Users/isadoraloredo/Apps/TQSlabs/lab2/P2HttpClient/target/test-classes:/Users/isadoraloredo/.m2/repository/com/googlecode/json-simple/json-simple/1.1.1/json-simple-1.1.1.jar:/Users/isadoraloredo/.m2/repository/org/apache/httpcomponents/httpclient/4.5.13/httpclient-4.5.13.jar:/Users/isadoraloredo/.m2/repository/org/apache/httpcomponents/httpcore/4.4.13/httpcore-4.4.13.jar:/Users/isadoraloredo/.m2/repository/commons-logging/commons-logging/1.2/commons-logging-1.2.jar:/Users/isadoraloredo/.m2/repository/commons-codec/commons-codec/1.11/commons-codec-1.11.jar:/Users/isadoraloredo/.m2/repository/org/json/json/20201115/json-20201115.jar:/Users/isadoraloredo/.m2/repository/org/hamcrest/hamcrest/2.2/hamcrest-2.2.jar:/Users/isadoraloredo/.m2/repository/org/mockito/mockito-junit-jupiter/3.8.0/mockito-junit-jupiter-3.8.0.jar:/Users/isadoraloredo/.m2/repository/org/junit/jupiter/junit-jupiter-api/5.7.1/junit-jupiter-api-5.7.1.jar:/Users/isadoraloredo/.m2/repository/org/apiguardian/apiguardian-api/1.1.0/apiguardian-api-1.1.0.jar:/Users/isadoraloredo/.m2/repository/org/opentest4j/opentest4j/1.2.0/opentest4j-1.2.0.jar:/Users/isadoraloredo/.m2/repository/org/junit/platform/junit-platform-commons/1.7.1/junit-platform-commons-1.7.1.jar:/Users/isadoraloredo/.m2/repository/junit/junit/4.12/junit-4.12.jar:/Users/isadoraloredo/.m2/repository/org/hamcrest/hamcrest-core/1.3/hamcrest-core-1.3.jar:/Users/isadoraloredo/.m2/repository/org/mockito/mockito-core/3.6.28/mockito-core-3.6.28.jar:/Users/isadoraloredo/.m2/repository/net/bytebuddy/byte-buddy/1.10.18/byte-buddy-1.10.18.jar:/Users/isadoraloredo/.m2/repository/net/bytebuddy/byte-buddy-agent/1.10.18/byte-buddy-agent-1.10.18.jar:/Users/isadoraloredo/.m2/repository/org/objenesis/objenesis/3.1/objenesis-3.1.jar:"/>
    <property name="sun.cpu.endian" value="little"/>
    <property name="user.home" value="/Users/isadoraloredo"/>
    <property name="user.language" value="en"/>
    <property name="java.specification.vendor" value="Oracle Corporation"/>
    <property name="jdk.module.path" value="/Users/isadoraloredo/Apps/TQSlabs/lab2/P2HttpClient/target/P2HttpClient-1.0-SNAPSHOT.jar"/>
    <property name="java.version.date" value="2020-09-15"/>
    <property name="java.home" value="/Library/Java/JavaVirtualMachines/jdk-15.jdk/Contents/Home"/>
    <property name="file.separator" value="/"/>
    <property name="basedir" value="/Users/isadoraloredo/Apps/TQSlabs/lab2/P2HttpClient"/>
    <property name="java.vm.compressedOopsMode" value="Zero based"/>
    <property name="line.separator" value="&#10;"/>
    <property name="java.specification.name" value="Java Platform API Specification"/>
    <property name="java.vm.specification.vendor" value="Oracle Corporation"/>
    <property name="surefire.real.class.path" value="/Users/isadoraloredo/.m2/repository/org/apache/maven/surefire/surefire-booter/3.0.0-M5/surefire-booter-3.0.0-M5.jar:/Users/isadoraloredo/.m2/repository/org/apache/maven/surefire/surefire-api/3.0.0-M5/surefire-api-3.0.0-M5.jar:/Users/isadoraloredo/.m2/repository/org/apache/maven/surefire/surefire-logger-api/3.0.0-M5/surefire-logger-api-3.0.0-M5.jar:/Users/isadoraloredo/.m2/repository/org/apache/maven/surefire/surefire-shared-utils/3.0.0-M4/surefire-shared-utils-3.0.0-M4.jar:/Users/isadoraloredo/.m2/repository/org/apache/maven/surefire/surefire-extensions-spi/3.0.0-M5/surefire-extensions-spi-3.0.0-M5.jar:/Users/isadoraloredo/Apps/TQSlabs/lab2/P2HttpClient/target/test-classes:/Users/isadoraloredo/.m2/repository/com/googlecode/json-simple/json-simple/1.1.1/json-simple-1.1.1.jar:/Users/isadoraloredo/.m2/repository/org/apache/httpcomponents/httpclient/4.5.13/httpclient-4.5.13.jar:/Users/isadoraloredo/.m2/repository/org/apache/httpcomponents/httpcore/4.4.13/httpcore-4.4.13.jar:/Users/isadoraloredo/.m2/repository/commons-logging/commons-logging/1.2/commons-logging-1.2.jar:/Users/isadoraloredo/.m2/repository/commons-codec/commons-codec/1.11/commons-codec-1.11.jar:/Users/isadoraloredo/.m2/repository/org/json/json/20201115/json-20201115.jar:/Users/isadoraloredo/.m2/repository/org/hamcrest/hamcrest/2.2/hamcrest-2.2.jar:/Users/isadoraloredo/.m2/repository/org/mockito/mockito-junit-jupiter/3.8.0/mockito-junit-jupiter-3.8.0.jar:/Users/isadoraloredo/.m2/repository/org/junit/jupiter/junit-jupiter-api/5.7.1/junit-jupiter-api-5.7.1.jar:/Users/isadoraloredo/.m2/repository/org/apiguardian/apiguardian-api/1.1.0/apiguardian-api-1.1.0.jar:/Users/isadoraloredo/.m2/repository/org/opentest4j/opentest4j/1.2.0/opentest4j-1.2.0.jar:/Users/isadoraloredo/.m2/repository/org/junit/platform/junit-platform-commons/1.7.1/junit-platform-commons-1.7.1.jar:/Users/isadoraloredo/.m2/repository/junit/junit/4.12/junit-4.12.jar:/Users/isadoraloredo/.m2/repository/org/hamcrest/hamcrest-core/1.3/hamcrest-core-1.3.jar:/Users/isadoraloredo/.m2/repository/org/mockito/mockito-core/3.6.28/mockito-core-3.6.28.jar:/Users/isadoraloredo/.m2/repository/net/bytebuddy/byte-buddy/1.10.18/byte-buddy-1.10.18.jar:/Users/isadoraloredo/.m2/repository/net/bytebuddy/byte-buddy-agent/1.10.18/byte-buddy-agent-1.10.18.jar:/Users/isadoraloredo/.m2/repository/org/objenesis/objenesis/3.1/objenesis-3.1.jar:/Users/isadoraloredo/.m2/repository/org/apache/maven/surefire/surefire-junit-platform/3.0.0-M5/surefire-junit-platform-3.0.0-M5.jar:/Users/isadoraloredo/.m2/repository/org/apache/maven/surefire/common-java5/3.0.0-M5/common-java5-3.0.0-M5.jar:/Users/isadoraloredo/.m2/repository/org/junit/platform/junit-platform-launcher/1.7.1/junit-platform-launcher-1.7.1.jar:/Users/isadoraloredo/.m2/repository/org/junit/platform/junit-platform-engine/1.7.1/junit-platform-engine-1.7.1.jar:/Users/isadoraloredo/.m2/repository/org/junit/jupiter/junit-jupiter-engine/5.7.1/junit-jupiter-engine-5.7.1.jar:/Users/isadoraloredo/.m2/repository/org/junit/vintage/junit-vintage-engine/5.7.1/junit-vintage-engine-5.7.1.jar"/>
    <property name="sun.management.compiler" value="HotSpot 64-Bit Tiered Compilers"/>
    <property name="ftp.nonProxyHosts" value="local|*.local|169.254/16|*.169.254/16"/>
    <property name="java.runtime.version" value="15+36-1562"/>
    <property name="user.name" value="isadoraloredo"/>
    <property name="path.separator" value=":"/>
    <property name="os.version" value="10.16"/>
    <property name="java.runtime.name" value="Java(TM) SE Runtime Environment"/>
    <property name="file.encoding" value="UTF-8"/>
    <property name="java.vm.name" value="Java HotSpot(TM) 64-Bit Server VM"/>
    <property name="localRepository" value="/Users/isadoraloredo/.m2/repository"/>
    <property name="java.vendor.url.bug" value="https://bugreport.java.com/bugreport/"/>
    <property name="java.io.tmpdir" value="/var/folders/r1/4f82yxbj0y57n7r_v6xlzffc0000gn/T/"/>
    <property name="java.version" value="15"/>
    <property name="user.dir" value="/Users/isadoraloredo/Apps/TQSlabs/lab2/P2HttpClient"/>
    <property name="os.arch" value="x86_64"/>
    <property name="java.vm.specification.name" value="Java Virtual Machine Specification"/>
    <property name="java.library.path" value="/Users/isadoraloredo/Library/Java/Extensions:/Library/Java/Extensions:/Network/Library/Java/Extensions:/System/Library/Java/Extensions:/usr/lib/java:."/>
    <property name="java.vm.info" value="mixed mode"/>
    <property name="java.vendor" value="Oracle Corporation"/>
    <property name="java.vm.version" value="15+36-1562"/>
    <property name="sun.io.unicode.encoding" value="UnicodeBig"/>
    <property name="socksNonProxyHosts" value="local|*.local|169.254/16|*.169.254/16"/>
    <property name="java.class.version" value="59.0"/>
  </properties>
  <testcase name="whenBadCoordidates_trhowBadArrayIndex" classname="integration.AddressResolverIT" time="0.046">
    <failure type="org.opentest4j.AssertionFailedError"><![CDATA[org.opentest4j.AssertionFailedError: Unexpected exception type thrown ==> expected: <java.lang.IndexOutOfBoundsException> but was: <java.lang.RuntimeException>
	at P2HttpClient@1.0-SNAPSHOT/integration.AddressResolverIT.whenBadCoordidates_trhowBadArrayIndex(AddressResolverIT.java:37)
Caused by: java.lang.RuntimeException: Unable to find config.properties
	at P2HttpClient@1.0-SNAPSHOT/integration.AddressResolverIT.lambda$whenBadCoordidates_trhowBadArrayIndex$0(AddressResolverIT.java:37)
	at P2HttpClient@1.0-SNAPSHOT/integration.AddressResolverIT.whenBadCoordidates_trhowBadArrayIndex(AddressResolverIT.java:37)
]]></failure>
  </testcase>
  <testcase name="whenGoodCoordidates_returnAddress" classname="integration.AddressResolverIT" time="0.002">
    <error type="java.lang.RuntimeException"><![CDATA[java.lang.RuntimeException: Unable to find config.properties
	at P2HttpClient@1.0-SNAPSHOT/integration.AddressResolverIT.whenGoodCoordidates_returnAddress(AddressResolverIT.java:30)
]]></error>
  </testcase>
</testsuite>